<?xml version="1.0" encoding="UTF-8"?>
<robot generator="Robot 7.2 (Python 3.13.1 on darwin)" generated="2025-03-07T14:04:25.044115" rpa="false" schemaversion="5">
<suite id="s1" name="Kim register user" source="/Users/tubakara/Desktop/DinoPark last edition/Kim_register_user.robot">
<test id="s1-t1" name="Scenario: Kim registers and logs in successfully" line="11">
<kw name="Open Browser To Ticket Page" owner="keywords_ticket_tuba" type="SETUP">
<kw name="Open Browser" owner="SeleniumLibrary">
<msg time="2025-03-07T14:04:25.151894" level="INFO">Opening browser 'chrome' to base url 'file:////Users/tubakara/Desktop/DinoPark last edition/webpages/jurap.html'.</msg>
<arg>${url}</arg>
<arg>${browser}</arg>
<doc>Opens a new browser instance to the optional ``url``.</doc>
<status status="PASS" start="2025-03-07T14:04:25.151720" elapsed="2.922553"/>
</kw>
<kw name="Maximize Browser Window" owner="SeleniumLibrary">
<doc>Maximizes current browser window.</doc>
<status status="PASS" start="2025-03-07T14:04:28.076537" elapsed="0.326439"/>
</kw>
<kw name="Wait Until Page Contains" owner="SeleniumLibrary">
<arg>${title}</arg>
<arg>${standard_timeout}</arg>
<doc>Waits until ``text`` appears on the current page.</doc>
<status status="PASS" start="2025-03-07T14:04:28.403284" elapsed="0.009944"/>
</kw>
<arg>${url_test}</arg>
<arg>${browser_test}</arg>
<arg>${title_test}</arg>
<status status="PASS" start="2025-03-07T14:04:25.151219" elapsed="3.262276"/>
</kw>
<kw name="Given Kim is registered as user" owner="keywords_ticket_tuba">
<kw name="Click Element" owner="SeleniumLibrary">
<msg time="2025-03-07T14:04:28.414792" level="INFO">Clicking element 'xpath=//*[@id='register-nav']'.</msg>
<arg>${register_button}</arg>
<doc>Click the element identified by ``locator``.</doc>
<status status="PASS" start="2025-03-07T14:04:28.414241" elapsed="0.053569"/>
</kw>
<kw name="Input Text" owner="SeleniumLibrary">
<msg time="2025-03-07T14:04:28.469719" level="INFO">Typing text 'Kim' into text field 'xpath=//*[@id='reg-username']'.</msg>
<arg>${username_input_registration}</arg>
<arg>${valid_username_ticket}</arg>
<doc>Types the given ``text`` into the text field identified by ``locator``.</doc>
<status status="PASS" start="2025-03-07T14:04:28.468970" elapsed="0.111062"/>
</kw>
<kw name="Input Text" owner="SeleniumLibrary">
<msg time="2025-03-07T14:04:28.580540" level="INFO">Typing text '123456789' into text field 'xpath=//*[@id='reg-password']'.</msg>
<arg>${password_input_registration}</arg>
<arg>${valid_password_ticket}</arg>
<doc>Types the given ``text`` into the text field identified by ``locator``.</doc>
<status status="PASS" start="2025-03-07T14:04:28.580232" elapsed="0.046754"/>
</kw>
<kw name="Click Element" owner="SeleniumLibrary">
<msg time="2025-03-07T14:04:28.627413" level="INFO">Clicking element 'xpath=//*[@id='register-form']/button'.</msg>
<arg>${register_submit_button}</arg>
<doc>Click the element identified by ``locator``.</doc>
<status status="PASS" start="2025-03-07T14:04:28.627186" elapsed="0.036016"/>
</kw>
<status status="PASS" start="2025-03-07T14:04:28.413958" elapsed="0.249408"/>
</kw>
<kw name="When Kim is logged in" owner="keywords_ticket_tuba">
<kw name="Click Element" owner="SeleniumLibrary">
<msg time="2025-03-07T14:04:28.664563" level="INFO">Clicking element 'xpath=//*[@id='login-nav']/a'.</msg>
<arg>${login_button_test}</arg>
<doc>Click the element identified by ``locator``.</doc>
<status status="PASS" start="2025-03-07T14:04:28.664084" elapsed="0.036395"/>
</kw>
<kw name="Wait Until Element Is Visible" owner="SeleniumLibrary">
<arg>${username_input_id_test}</arg>
<arg>10s</arg>
<doc>Waits until the element ``locator`` is visible.</doc>
<status status="PASS" start="2025-03-07T14:04:28.700792" elapsed="0.011337"/>
</kw>
<kw name="Input Text" owner="SeleniumLibrary">
<msg time="2025-03-07T14:04:28.712705" level="INFO">Typing text 'Kim' into text field 'id=login-username'.</msg>
<arg>${username_input_id_test}</arg>
<arg>${valid_username_ticket}</arg>
<doc>Types the given ``text`` into the text field identified by ``locator``.</doc>
<status status="PASS" start="2025-03-07T14:04:28.712461" elapsed="0.032246"/>
</kw>
<kw name="Wait Until Element Is Visible" owner="SeleniumLibrary">
<arg>${password_input_id_test}</arg>
<arg>10s</arg>
<doc>Waits until the element ``locator`` is visible.</doc>
<status status="PASS" start="2025-03-07T14:04:28.744871" elapsed="0.010902"/>
</kw>
<kw name="Input Text" owner="SeleniumLibrary">
<msg time="2025-03-07T14:04:28.756233" level="INFO">Typing text '123456789' into text field 'id=login-password'.</msg>
<arg>${password_input_id_test}</arg>
<arg>${valid_password_ticket}</arg>
<doc>Types the given ``text`` into the text field identified by ``locator``.</doc>
<status status="PASS" start="2025-03-07T14:04:28.756013" elapsed="0.036110"/>
</kw>
<kw name="Wait Until Element Is Visible" owner="SeleniumLibrary">
<arg>${submit__button_test}</arg>
<arg>10s</arg>
<doc>Waits until the element ``locator`` is visible.</doc>
<status status="PASS" start="2025-03-07T14:04:28.792307" elapsed="0.010149"/>
</kw>
<kw name="Click Element" owner="SeleniumLibrary">
<msg time="2025-03-07T14:04:28.802809" level="INFO">Clicking element 'xpath=/html/body/main/article[3]/section/form/button'.</msg>
<arg>${submit__button_test}</arg>
<doc>Click the element identified by ``locator``.</doc>
<status status="PASS" start="2025-03-07T14:04:28.802633" elapsed="0.028436"/>
</kw>
<kw name="Wait Until Element Is Visible" owner="SeleniumLibrary">
<arg>${verify_message_element_test}</arg>
<arg>10s</arg>
<doc>Waits until the element ``locator`` is visible.</doc>
<status status="PASS" start="2025-03-07T14:04:28.831333" elapsed="0.011859"/>
</kw>
<kw name="Element Should Contain" owner="SeleniumLibrary">
<msg time="2025-03-07T14:04:28.855594" level="INFO">Element 'xpath=//*[@id='login-message']' contains text 'Verifying credentials...'.</msg>
<arg>${verify_message_element_test}</arg>
<arg>${verify_message_test}</arg>
<doc>Verifies that element ``locator`` contains text ``expected``.</doc>
<status status="PASS" start="2025-03-07T14:04:28.843387" elapsed="0.012380"/>
</kw>
<kw name="Sleep" owner="BuiltIn">
<msg time="2025-03-07T14:04:32.857044" level="INFO">Slept 4 seconds.</msg>
<arg>4s</arg>
<doc>Pauses the test executed for the given time.</doc>
<status status="PASS" start="2025-03-07T14:04:28.855938" elapsed="4.003072"/>
</kw>
<status status="PASS" start="2025-03-07T14:04:28.663712" elapsed="4.195970"/>
</kw>
<kw name="Close Browser" owner="SeleniumLibrary" type="TEARDOWN">
<doc>Closes the current browser.</doc>
<status status="PASS" start="2025-03-07T14:04:32.861280" elapsed="0.075614"/>
</kw>
<tag>Tuba</tag>
<status status="PASS" start="2025-03-07T14:04:25.150710" elapsed="7.786349"/>
</test>
<doc>Testing user registration and login functionality.</doc>
<meta name="Author">Tuba      Grupp9(Nesli, Tuba, Quratulain)</meta>
<status status="PASS" start="2025-03-07T14:04:25.046274" elapsed="7.891259"/>
</suite>
<statistics>
<total>
<stat pass="1" fail="0" skip="0">All Tests</stat>
</total>
<tag>
<stat pass="1" fail="0" skip="0">Tuba</stat>
</tag>
<suite>
<stat name="Kim register user" id="s1" pass="1" fail="0" skip="0">Kim register user</stat>
</suite>
</statistics>
<errors>
</errors>
</robot>
