<?xml version="1.0" encoding="UTF-8"?>
<robot generator="Robot 7.2 (Python 3.13.1 on win32)" generated="2025-03-14T17:48:41.852773" rpa="false" schemaversion="5">
<suite id="s1" name="DinoPark" source="C:\Users\nesli\Documents\GitHub\ContinuousTesting\DinoPark">
<suite id="s1-s1" name="Tests" source="C:\Users\nesli\Documents\GitHub\ContinuousTesting\DinoPark\tests">
<suite id="s1-s1-s1" name="Kim register user" source="C:\Users\nesli\Documents\GitHub\ContinuousTesting\DinoPark\tests\Kim_register_user.robot">
<test id="s1-s1-s1-t1" name="Kim registers successfully" line="12">
<kw name="Open Browser To Page" owner="shared_keywords" type="SETUP">
<kw name="Open Browser" owner="SeleniumLibrary">
<msg time="2025-03-14T17:48:42.450132" level="INFO">Opening browser 'headlesschrome' to base url 'file:///C:/Users/nesli/Documents/GitHub/ContinuousTesting/DinoPark/webpages/jurap.html'.</msg>
<arg>${url}</arg>
<arg>${browser}</arg>
<doc>Opens a new browser instance to the optional ``url``.</doc>
<status status="PASS" start="2025-03-14T17:48:42.448289" elapsed="2.069155"/>
</kw>
<kw name="Title Should Be" owner="SeleniumLibrary">
<msg time="2025-03-14T17:48:44.524300" level="INFO">Page title is 'Jura-Stina-Kalle Park'.</msg>
<arg>${title}</arg>
<doc>Verifies that the current page title equals ``title``.</doc>
<status status="PASS" start="2025-03-14T17:48:44.517738" elapsed="0.006977"/>
</kw>
<arg>${url_test}</arg>
<arg>${browser_test}</arg>
<arg>${title_test}</arg>
<status status="PASS" start="2025-03-14T17:48:42.446054" elapsed="2.078899"/>
</kw>
<kw name="Given Kim press on the Register button" owner="kim_keywords">
<kw name="Click Element" owner="SeleniumLibrary">
<msg time="2025-03-14T17:48:44.527507" level="INFO">Clicking element 'xpath=//*[@id='register-nav']'.</msg>
<arg>${register_button}</arg>
<doc>Click the element identified by ``locator``.</doc>
<status status="PASS" start="2025-03-14T17:48:44.526526" elapsed="0.100289"/>
</kw>
<status status="PASS" start="2025-03-14T17:48:44.525651" elapsed="0.101422"/>
</kw>
<kw name="When Kim fill in the username and password" owner="kim_keywords">
<kw name="Input Text" owner="SeleniumLibrary">
<msg time="2025-03-14T17:48:44.629172" level="INFO">Typing text 'Kim' into text field 'xpath=//*[@id='reg-username']'.</msg>
<arg>${username_input_registration}</arg>
<arg>${valid_username_ticket}</arg>
<doc>Types the given ``text`` into the text field identified by ``locator``.</doc>
<status status="PASS" start="2025-03-14T17:48:44.628442" elapsed="0.129691"/>
</kw>
<kw name="Input Text" owner="SeleniumLibrary">
<msg time="2025-03-14T17:48:44.758804" level="INFO">Typing text '123456789' into text field 'xpath=//*[@id='reg-username']'.</msg>
<arg>${username_input_registration}</arg>
<arg>${valid_password_ticket}</arg>
<doc>Types the given ``text`` into the text field identified by ``locator``.</doc>
<status status="PASS" start="2025-03-14T17:48:44.758401" elapsed="0.098016"/>
</kw>
<kw name="Click Element" owner="SeleniumLibrary">
<msg time="2025-03-14T17:48:44.857042" level="INFO">Clicking element 'xpath=//*[@id='register-nav']'.</msg>
<arg>${register_button}</arg>
<doc>Click the element identified by ``locator``.</doc>
<status status="PASS" start="2025-03-14T17:48:44.856679" elapsed="0.068348"/>
</kw>
<status status="PASS" start="2025-03-14T17:48:44.627676" elapsed="0.297599"/>
</kw>
<kw name="Then press the submit button" owner="kim_keywords">
<kw name="Wait Until Element Is Visible" owner="SeleniumLibrary">
<arg>${register_submit_button}</arg>
<arg>timeout=4s</arg>
<doc>Waits until the element ``locator`` is visible.</doc>
<status status="PASS" start="2025-03-14T17:48:44.931150" elapsed="0.037002"/>
</kw>
<kw name="Click Element" owner="SeleniumLibrary">
<msg time="2025-03-14T17:48:44.969395" level="INFO">Clicking element 'xpath=//*[@id='register-form']/button'.</msg>
<arg>${register_submit_button}</arg>
<doc>Click the element identified by ``locator``.</doc>
<status status="PASS" start="2025-03-14T17:48:44.968730" elapsed="0.139434"/>
</kw>
<status status="PASS" start="2025-03-14T17:48:44.925849" elapsed="0.182513"/>
</kw>
<kw name="Close Browser" owner="SeleniumLibrary" type="TEARDOWN">
<doc>Closes the current browser.</doc>
<status status="PASS" start="2025-03-14T17:48:45.112124" elapsed="2.269758"/>
</kw>
<status status="PASS" start="2025-03-14T17:48:42.442642" elapsed="4.940095"/>
</test>
<test id="s1-s1-s1-t2" name="Kim logs in successfully" line="19">
<kw name="Open Browser To Page" owner="shared_keywords" type="SETUP">
<kw name="Open Browser" owner="SeleniumLibrary">
<msg time="2025-03-14T17:48:47.387744" level="INFO">Opening browser 'headlesschrome' to base url 'file:///C:/Users/nesli/Documents/GitHub/ContinuousTesting/DinoPark/webpages/jurap.html'.</msg>
<arg>${url}</arg>
<arg>${browser}</arg>
<doc>Opens a new browser instance to the optional ``url``.</doc>
<status status="PASS" start="2025-03-14T17:48:47.387253" elapsed="1.803112"/>
</kw>
<kw name="Title Should Be" owner="SeleniumLibrary">
<msg time="2025-03-14T17:48:49.195682" level="INFO">Page title is 'Jura-Stina-Kalle Park'.</msg>
<arg>${title}</arg>
<doc>Verifies that the current page title equals ``title``.</doc>
<status status="PASS" start="2025-03-14T17:48:49.190623" elapsed="0.005709"/>
</kw>
<arg>${url_test}</arg>
<arg>${browser_test}</arg>
<arg>${title_test}</arg>
<status status="PASS" start="2025-03-14T17:48:47.386440" elapsed="1.810344"/>
</kw>
<kw name="Given that Kim press the login button" owner="kim_keywords">
<kw name="Click Element" owner="SeleniumLibrary">
<msg time="2025-03-14T17:48:49.199448" level="INFO">Clicking element 'xpath=//*[@id='login-nav']/a'.</msg>
<arg>${login_button_test}</arg>
<doc>Click the element identified by ``locator``.</doc>
<status status="PASS" start="2025-03-14T17:48:49.198881" elapsed="0.084321"/>
</kw>
<status status="PASS" start="2025-03-14T17:48:49.198241" elapsed="0.085229"/>
</kw>
<kw name="When login in with valid credentials" owner="kim_keywords">
<kw name="Wait Until Element Is Visible" owner="SeleniumLibrary">
<arg>${username_input_id_test}</arg>
<arg>10s</arg>
<doc>Waits until the element ``locator`` is visible.</doc>
<status status="PASS" start="2025-03-14T17:48:49.284798" elapsed="0.020608"/>
</kw>
<kw name="Input Text" owner="SeleniumLibrary">
<msg time="2025-03-14T17:48:49.306030" level="INFO">Typing text 'Kim' into text field 'id=login-username'.</msg>
<arg>${username_input_id_test}</arg>
<arg>${valid_username_ticket}</arg>
<doc>Types the given ``text`` into the text field identified by ``locator``.</doc>
<status status="PASS" start="2025-03-14T17:48:49.305647" elapsed="0.096289"/>
</kw>
<kw name="Wait Until Element Is Visible" owner="SeleniumLibrary">
<arg>${password_input_id_test}</arg>
<arg>10s</arg>
<doc>Waits until the element ``locator`` is visible.</doc>
<status status="PASS" start="2025-03-14T17:48:49.402194" elapsed="0.018092"/>
</kw>
<kw name="Input Text" owner="SeleniumLibrary">
<msg time="2025-03-14T17:48:49.421020" level="INFO">Typing text '123456789' into text field 'id=login-password'.</msg>
<arg>${password_input_id_test}</arg>
<arg>${valid_password_ticket}</arg>
<doc>Types the given ``text`` into the text field identified by ``locator``.</doc>
<status status="PASS" start="2025-03-14T17:48:49.420576" elapsed="0.065981"/>
</kw>
<status status="PASS" start="2025-03-14T17:48:49.284135" elapsed="0.202601"/>
</kw>
<kw name="Then kim should be redirected to the home page" owner="kim_keywords">
<kw name="Click Element" owner="SeleniumLibrary">
<msg time="2025-03-14T17:48:49.487856" level="INFO">Clicking element 'xpath=//*[@id='login-nav']/a'.</msg>
<arg>${login_button_test}</arg>
<doc>Click the element identified by ``locator``.</doc>
<status status="PASS" start="2025-03-14T17:48:49.487568" elapsed="0.066176"/>
</kw>
<status status="PASS" start="2025-03-14T17:48:49.487148" elapsed="0.066833"/>
</kw>
<kw name="Close Browser" owner="SeleniumLibrary" type="TEARDOWN">
<doc>Closes the current browser.</doc>
<status status="PASS" start="2025-03-14T17:48:49.554419" elapsed="2.164314"/>
</kw>
<status status="PASS" start="2025-03-14T17:48:47.385011" elapsed="4.334478"/>
</test>
<doc>Testing user registration and login functionality.</doc>
<meta name="Author">Tuba      Grupp9(Nesli, Tuba, Quratulain)</meta>
<status status="PASS" start="2025-03-14T17:48:41.894191" elapsed="9.827406"/>
</suite>
<status status="PASS" start="2025-03-14T17:48:41.891040" elapsed="9.833175"/>
</suite>
<status status="PASS" start="2025-03-14T17:48:41.858846" elapsed="9.867011"/>
</suite>
<statistics>
<total>
<stat pass="2" fail="0" skip="0">All Tests</stat>
</total>
<tag>
</tag>
<suite>
<stat name="DinoPark" id="s1" pass="2" fail="0" skip="0">DinoPark</stat>
<stat name="Tests" id="s1-s1" pass="2" fail="0" skip="0">DinoPark.Tests</stat>
<stat name="Kim register user" id="s1-s1-s1" pass="2" fail="0" skip="0">DinoPark.Tests.Kim register user</stat>
</suite>
</statistics>
<errors>
</errors>
</robot>
