<?xml version="1.0" encoding="UTF-8"?>
<robot generator="Robot 7.2 (Python 3.13.1 on win32)" generated="2025-03-13T09:47:38.700551" rpa="false" schemaversion="5">
<suite id="s1" name="DinoPark" source="C:\Users\nesli\Documents\GitHub\ContinuousTesting\DinoPark">
<suite id="s1-s1" name="Tests" source="C:\Users\nesli\Documents\GitHub\ContinuousTesting\DinoPark\tests">
<suite id="s1-s1-s1" name="Login Page" source="C:\Users\nesli\Documents\GitHub\ContinuousTesting\DinoPark\tests\login_page.robot">
<test id="s1-s1-s1-t1" name="Invalid Login" line="12">
<kw name="Open Browser To Page" owner="keywords" type="SETUP">
<kw name="Open Browser" owner="SeleniumLibrary">
<msg time="2025-03-13T09:47:39.462482" level="INFO">Opening browser 'headlesschrome' to base url 'file:///C:/Users/nesli/Documents/GitHub/ContinuousTesting/DinoPark/webpages/jurap.html'.</msg>
<arg>${url}</arg>
<arg>${browser}</arg>
<doc>Opens a new browser instance to the optional ``url``.</doc>
<status status="PASS" start="2025-03-13T09:47:39.461802" elapsed="4.371441"/>
</kw>
<kw name="Title Should Be" owner="SeleniumLibrary">
<msg time="2025-03-13T09:47:43.852315" level="INFO">Page title is 'Jura-Stina-Kalle Park'.</msg>
<arg>${title}</arg>
<doc>Verifies that the current page title equals ``title``.</doc>
<status status="PASS" start="2025-03-13T09:47:43.833617" elapsed="0.019248"/>
</kw>
<arg>${url_test}</arg>
<arg>${browser_test}</arg>
<arg>${title_test}</arg>
<status status="PASS" start="2025-03-13T09:47:39.460729" elapsed="4.392472"/>
</kw>
<kw name="GIVEN that I'm on the login page" owner="keywords">
<kw name="Click Element" owner="SeleniumLibrary">
<msg time="2025-03-13T09:47:43.864988" level="INFO">Clicking element 'xpath=//*[@id='login-nav']/a'.</msg>
<arg>${login_button_test}</arg>
<doc>Click the element identified by ``locator``.</doc>
<status status="PASS" start="2025-03-13T09:47:43.863986" elapsed="0.176121"/>
</kw>
<status status="PASS" start="2025-03-13T09:47:43.857474" elapsed="0.183174"/>
</kw>
<kw name="WHEN I enter invalid username" owner="keywords">
<kw name="Wait Until Element Is Visible" owner="SeleniumLibrary">
<arg>${username_input_id_test}</arg>
<arg>timeout=10s</arg>
<doc>Waits until the element ``locator`` is visible.</doc>
<status status="PASS" start="2025-03-13T09:47:44.050610" elapsed="0.525690"/>
</kw>
<kw name="Input Text" owner="SeleniumLibrary">
<msg time="2025-03-13T09:47:44.577122" level="INFO">Typing text 'incorrectusername' into text field 'id=login-username'.</msg>
<arg>${username_input_id_test}</arg>
<arg>${invalid_username}</arg>
<doc>Types the given ``text`` into the text field identified by ``locator``.</doc>
<status status="PASS" start="2025-03-13T09:47:44.576650" elapsed="0.254807"/>
</kw>
<status status="PASS" start="2025-03-13T09:47:44.046241" elapsed="0.785408"/>
</kw>
<kw name="AND invalid password" owner="keywords">
<kw name="Wait Until Element Is Visible" owner="SeleniumLibrary">
<arg>${password_input_id_test}</arg>
<arg>timeout=10s</arg>
<doc>Waits until the element ``locator`` is visible.</doc>
<status status="PASS" start="2025-03-13T09:47:44.838599" elapsed="0.025150"/>
</kw>
<kw name="Input Text" owner="SeleniumLibrary">
<msg time="2025-03-13T09:47:44.864563" level="INFO">Typing text 'invalidpassword' into text field 'id=login-password'.</msg>
<arg>${password_input_id_test}</arg>
<arg>${invalid_password}</arg>
<doc>Types the given ``text`` into the text field identified by ``locator``.</doc>
<status status="PASS" start="2025-03-13T09:47:44.864037" elapsed="0.100687"/>
</kw>
<status status="PASS" start="2025-03-13T09:47:44.834080" elapsed="0.130816"/>
</kw>
<kw name="THEN press the submit button" owner="keywords">
<kw name="Wait Until Element Is Visible" owner="SeleniumLibrary">
<arg>${submit_button_test}</arg>
<arg>timeout=4s</arg>
<doc>Waits until the element ``locator`` is visible.</doc>
<status status="PASS" start="2025-03-13T09:47:44.972943" elapsed="0.028149"/>
</kw>
<kw name="Click Element" owner="SeleniumLibrary">
<msg time="2025-03-13T09:47:45.002528" level="INFO">Clicking element 'xpath=//*[@id='login-form']/button'.</msg>
<arg>${submit_button_test}</arg>
<doc>Click the element identified by ``locator``.</doc>
<status status="PASS" start="2025-03-13T09:47:45.001447" elapsed="0.095560"/>
</kw>
<status status="PASS" start="2025-03-13T09:47:44.967061" elapsed="0.130237"/>
</kw>
<kw name="THEN Message Should Be Visible" owner="keywords">
<kw name="Wait Until Element Contains" owner="SeleniumLibrary">
<arg>${error_message_element_test}</arg>
<arg>${error_message_test}</arg>
<arg>${standard_timeout}</arg>
<doc>Waits until the element ``locator`` contains ``text``.</doc>
<status status="PASS" start="2025-03-13T09:47:45.104188" elapsed="2.162196"/>
</kw>
<kw name="Element Text Should Be" owner="SeleniumLibrary">
<msg time="2025-03-13T09:47:47.267452" level="INFO">Verifying element 'xpath=//*[@id='login-message']' contains exact text 'Invalid username or password.'.</msg>
<arg>${error_message_element_test}</arg>
<arg>${error_message_test}</arg>
<doc>Verifies that element ``locator`` contains exact the text ``expected``.</doc>
<status status="PASS" start="2025-03-13T09:47:47.266847" elapsed="0.021216"/>
</kw>
<status status="PASS" start="2025-03-13T09:47:45.100015" elapsed="2.188472"/>
</kw>
<kw name="Close Browser" owner="SeleniumLibrary" type="TEARDOWN">
<doc>Closes the current browser.</doc>
<status status="PASS" start="2025-03-13T09:47:47.292671" elapsed="2.312803"/>
</kw>
<doc>Scenario: Invalid login, we should receive an error message when we are trying to log in with invalid credentials.</doc>
<tag>new-feature</tag>
<status status="PASS" start="2025-03-13T09:47:39.458760" elapsed="10.147144"/>
</test>
<test id="s1-s1-s1-t2" name="Valid Login" line="25">
<kw name="Open Browser To Page" owner="keywords" type="SETUP">
<kw name="Open Browser" owner="SeleniumLibrary">
<msg time="2025-03-13T09:47:49.610532" level="INFO">Opening browser 'headlesschrome' to base url 'file:///C:/Users/nesli/Documents/GitHub/ContinuousTesting/DinoPark/webpages/jurap.html'.</msg>
<arg>${url}</arg>
<arg>${browser}</arg>
<doc>Opens a new browser instance to the optional ``url``.</doc>
<status status="PASS" start="2025-03-13T09:47:49.610096" elapsed="2.003294"/>
</kw>
<kw name="Title Should Be" owner="SeleniumLibrary">
<msg time="2025-03-13T09:47:51.718543" level="INFO">Page title is 'Jura-Stina-Kalle Park'.</msg>
<arg>${title}</arg>
<doc>Verifies that the current page title equals ``title``.</doc>
<status status="PASS" start="2025-03-13T09:47:51.613839" elapsed="0.105442"/>
</kw>
<arg>${url_test}</arg>
<arg>${browser_test}</arg>
<arg>${title_test}</arg>
<status status="PASS" start="2025-03-13T09:47:49.608981" elapsed="2.110805"/>
</kw>
<kw name="GIVEN that I'm on the login page" owner="keywords">
<kw name="Click Element" owner="SeleniumLibrary">
<msg time="2025-03-13T09:47:51.734082" level="INFO">Clicking element 'xpath=//*[@id='login-nav']/a'.</msg>
<arg>${login_button_test}</arg>
<doc>Click the element identified by ``locator``.</doc>
<status status="PASS" start="2025-03-13T09:47:51.733311" elapsed="0.194320"/>
</kw>
<status status="PASS" start="2025-03-13T09:47:51.726504" elapsed="0.201684"/>
</kw>
<kw name="WHEN I enter valid username" owner="keywords">
<kw name="Wait Until Element Is Visible" owner="SeleniumLibrary">
<arg>${username_input_id_test}</arg>
<arg>timeout=10s</arg>
<doc>Waits until the element ``locator`` is visible.</doc>
<status status="PASS" start="2025-03-13T09:47:51.940924" elapsed="0.043516"/>
</kw>
<kw name="Input Text" owner="SeleniumLibrary">
<msg time="2025-03-13T09:47:51.985443" level="INFO">Typing text 'NK' into text field 'id=login-username'.</msg>
<arg>${username_input_id_test}</arg>
<arg>${valid_username}</arg>
<doc>Types the given ``text`` into the text field identified by ``locator``.</doc>
<status status="PASS" start="2025-03-13T09:47:51.984776" elapsed="0.179865"/>
</kw>
<status status="PASS" start="2025-03-13T09:47:51.933494" elapsed="0.231505"/>
</kw>
<kw name="AND valid password" owner="keywords">
<kw name="Wait Until Element Is Visible" owner="SeleniumLibrary">
<arg>${password_input_id_test}</arg>
<arg>timeout=10s</arg>
<doc>Waits until the element ``locator`` is visible.</doc>
<status status="PASS" start="2025-03-13T09:47:52.183002" elapsed="0.078068"/>
</kw>
<kw name="Input Text" owner="SeleniumLibrary">
<msg time="2025-03-13T09:47:52.263752" level="INFO">Typing text 'Password' into text field 'id=login-password'.</msg>
<arg>${password_input_id_test}</arg>
<arg>${valid_password}</arg>
<doc>Types the given ``text`` into the text field identified by ``locator``.</doc>
<status status="PASS" start="2025-03-13T09:47:52.262737" elapsed="0.227620"/>
</kw>
<status status="PASS" start="2025-03-13T09:47:52.175604" elapsed="0.315183"/>
</kw>
<kw name="THEN press the submit button" owner="keywords">
<kw name="Wait Until Element Is Visible" owner="SeleniumLibrary">
<arg>${submit_button_test}</arg>
<arg>timeout=4s</arg>
<doc>Waits until the element ``locator`` is visible.</doc>
<status status="PASS" start="2025-03-13T09:47:52.503148" elapsed="0.047606"/>
</kw>
<kw name="Click Element" owner="SeleniumLibrary">
<msg time="2025-03-13T09:47:52.552616" level="INFO">Clicking element 'xpath=//*[@id='login-form']/button'.</msg>
<arg>${submit_button_test}</arg>
<doc>Click the element identified by ``locator``.</doc>
<status status="PASS" start="2025-03-13T09:47:52.551229" elapsed="0.479014"/>
</kw>
<status status="PASS" start="2025-03-13T09:47:52.497932" elapsed="0.533537"/>
</kw>
<kw name="THEN successful message should be visible" owner="keywords">
<kw name="Wait Until Element Contains" owner="SeleniumLibrary">
<arg>${verify_message_element_test}</arg>
<arg>${verify_message_test}</arg>
<arg>${standard_timeout}</arg>
<doc>Waits until the element ``locator`` contains ``text``.</doc>
<status status="PASS" start="2025-03-13T09:47:53.077585" elapsed="0.139732"/>
</kw>
<kw name="Element Text Should Be" owner="SeleniumLibrary">
<msg time="2025-03-13T09:47:53.222079" level="INFO">Verifying element 'xpath=//*[@id='login-message']' contains exact text 'Verifying credentials...'.</msg>
<arg>${verify_message_element_test}</arg>
<arg>${verify_message_test}</arg>
<doc>Verifies that element ``locator`` contains exact the text ``expected``.</doc>
<status status="PASS" start="2025-03-13T09:47:53.218650" elapsed="0.112479"/>
</kw>
<status status="PASS" start="2025-03-13T09:47:53.062283" elapsed="0.269407"/>
</kw>
<kw name="Close Browser" owner="SeleniumLibrary" type="TEARDOWN">
<doc>Closes the current browser.</doc>
<status status="PASS" start="2025-03-13T09:47:53.339823" elapsed="2.409072"/>
</kw>
<doc>Scenario: Valid login, I should be logged in succesfully and be redirected to the home page when I enter my valid credentials.</doc>
<status status="PASS" start="2025-03-13T09:47:49.607686" elapsed="6.141668"/>
</test>
<doc>Grupp 9(Nesli,Tuba, Quratulain)</doc>
<status status="PASS" start="2025-03-13T09:47:38.753139" elapsed="16.998581"/>
</suite>
<status status="PASS" start="2025-03-13T09:47:38.749224" elapsed="17.007094"/>
</suite>
<status status="PASS" start="2025-03-13T09:47:38.712174" elapsed="17.046987"/>
</suite>
<statistics>
<total>
<stat pass="2" fail="0" skip="0">All Tests</stat>
</total>
<tag>
<stat pass="1" fail="0" skip="0">new-feature</stat>
</tag>
<suite>
<stat name="DinoPark" id="s1" pass="2" fail="0" skip="0">DinoPark</stat>
<stat name="Tests" id="s1-s1" pass="2" fail="0" skip="0">DinoPark.Tests</stat>
<stat name="Login Page" id="s1-s1-s1" pass="2" fail="0" skip="0">DinoPark.Tests.Login Page</stat>
</suite>
</statistics>
<errors>
</errors>
</robot>
