<?xml version="1.0" encoding="UTF-8"?>
<robot generator="Robot 7.2 (Python 3.13.1 on win32)" generated="2025-02-13T10:46:19.966804" rpa="false" schemaversion="5">
<suite id="s1" name="DinoPark" source="C:\Users\nesli\Documents\GitHub\ContinuousTesting\DinoPark">
<suite id="s1-s1" name="Login Page" source="C:\Users\nesli\Documents\GitHub\ContinuousTesting\DinoPark\login_page.robot">
<test id="s1-s1-t1" name="Invalid Login" line="10">
<kw name="Open Browser To Page" owner="keywords" type="SETUP">
<kw name="Open Browser" owner="SeleniumLibrary">
<msg time="2025-02-13T10:46:21.509729" level="INFO">Opening browser 'chrome' to base url 'file:///C:/Users/nesli/Documents/GitHub/ContinuousTesting/DinoPark/webpages/jurap.html'.</msg>
<arg>${url}</arg>
<arg>${browser}</arg>
<doc>Opens a new browser instance to the optional ``url``.</doc>
<status status="PASS" start="2025-02-13T10:46:21.507713" elapsed="2.078242"/>
</kw>
<kw name="Title Should Be" owner="SeleniumLibrary">
<msg time="2025-02-13T10:46:23.612522" level="INFO">Page title is 'Jura-Stina-Kalle Park'.</msg>
<arg>${title}</arg>
<doc>Verifies that the current page title equals ``title``.</doc>
<status status="PASS" start="2025-02-13T10:46:23.587088" elapsed="0.026971"/>
</kw>
<arg>${url_test}</arg>
<arg>${browser_test}</arg>
<arg>${title_test}</arg>
<status status="PASS" start="2025-02-13T10:46:21.502336" elapsed="2.112623"/>
</kw>
<kw name="Type In Element" owner="keywords">
<kw name="Click Element" owner="SeleniumLibrary">
<msg time="2025-02-13T10:46:23.620691" level="INFO">Clicking element 'xpath=//*[@id='login-nav']/a'.</msg>
<arg>${login_button}</arg>
<doc>Click the element identified by ``locator``.</doc>
<status status="PASS" start="2025-02-13T10:46:23.619284" elapsed="0.166202"/>
</kw>
<kw name="Wait Until Element Is Visible" owner="SeleniumLibrary">
<arg>${username_element}</arg>
<arg>timeout=10s</arg>
<doc>Waits until the element ``locator`` is visible.</doc>
<status status="PASS" start="2025-02-13T10:46:23.786694" elapsed="0.057664"/>
</kw>
<kw name="Input Text" owner="SeleniumLibrary">
<msg time="2025-02-13T10:46:23.846140" level="INFO">Typing text 'incorrectusername' into text field 'id=login-username'.</msg>
<arg>${username_element}</arg>
<arg>${text_to_write}</arg>
<doc>Types the given ``text`` into the text field identified by ``locator``.</doc>
<status status="PASS" start="2025-02-13T10:46:23.844916" elapsed="0.299834"/>
</kw>
<arg>${login_button_test}</arg>
<arg>${username_input_id_test}</arg>
<arg>${invalid_username}</arg>
<status status="PASS" start="2025-02-13T10:46:23.617365" elapsed="0.528563"/>
</kw>
<kw name="Close Browser" owner="SeleniumLibrary" type="TEARDOWN">
<doc>Closes the current browser.</doc>
<status status="PASS" start="2025-02-13T10:46:24.147584" elapsed="2.419159"/>
</kw>
<status status="PASS" start="2025-02-13T10:46:21.497939" elapsed="5.069447"/>
</test>
<doc>Testing the login page in order to make sure that the customer can log in with credentials</doc>
<status status="PASS" start="2025-02-13T10:46:20.201146" elapsed="6.368685"/>
</suite>
<status status="PASS" start="2025-02-13T10:46:20.000095" elapsed="6.572207"/>
</suite>
<statistics>
<total>
<stat pass="1" fail="0" skip="0">All Tests</stat>
</total>
<tag>
</tag>
<suite>
<stat name="DinoPark" id="s1" pass="1" fail="0" skip="0">DinoPark</stat>
<stat name="Login Page" id="s1-s1" pass="1" fail="0" skip="0">DinoPark.Login Page</stat>
</suite>
</statistics>
<errors>
</errors>
</robot>
