<?xml version="1.0" encoding="UTF-8"?>
<robot generator="Robot 7.2 (Python 3.13.1 on win32)" generated="2025-03-14T21:11:46.005092" rpa="false" schemaversion="5">
<suite id="s1" name="DinoPark" source="C:\Users\nesli\Documents\GitHub\ContinuousTesting\DinoPark">
<suite id="s1-s1" name="Tests" source="C:\Users\nesli\Documents\GitHub\ContinuousTesting\DinoPark\tests">
<suite id="s1-s1-s1" name="Kim" source="C:\Users\nesli\Documents\GitHub\ContinuousTesting\DinoPark\tests\kim.robot">
<test id="s1-s1-s1-t1" name="Invalid Login" line="22">
<kw name="Open Browser To Page" owner="shared_keywords" type="SETUP">
<kw name="Open Browser" owner="SeleniumLibrary">
<msg time="2025-03-14T21:11:46.463795" level="INFO">Opening browser 'headlesschrome' to base url 'file:///C:/Users/nesli/Documents/GitHub/ContinuousTesting/DinoPark/webpages/jurap.html'.</msg>
<arg>${url}</arg>
<arg>${browser}</arg>
<doc>Opens a new browser instance to the optional ``url``.</doc>
<status status="PASS" start="2025-03-14T21:11:46.463296" elapsed="3.438659"/>
</kw>
<kw name="Title Should Be" owner="SeleniumLibrary">
<msg time="2025-03-14T21:11:49.911306" level="INFO">Page title is 'Jura-Stina-Kalle Park'.</msg>
<arg>${title}</arg>
<doc>Verifies that the current page title equals ``title``.</doc>
<status status="PASS" start="2025-03-14T21:11:49.902394" elapsed="0.009346"/>
</kw>
<arg>${url_test}</arg>
<arg>${browser_test}</arg>
<arg>${title_test}</arg>
<status status="PASS" start="2025-03-14T21:11:46.461912" elapsed="3.450268"/>
</kw>
<kw name="GIVEN that I'm on the login page" owner="kim_keywords">
<kw name="Click Element" owner="SeleniumLibrary">
<msg time="2025-03-14T21:11:49.922233" level="INFO">Clicking element 'xpath=//*[@id='login-nav']/a'.</msg>
<arg>${login_button_test}</arg>
<doc>Click the element identified by ``locator``.</doc>
<status status="PASS" start="2025-03-14T21:11:49.921364" elapsed="0.097603"/>
</kw>
<status status="PASS" start="2025-03-14T21:11:49.915290" elapsed="0.103875"/>
</kw>
<kw name="WHEN I enter invalid username" owner="kim_keywords">
<kw name="Wait Until Element Is Visible" owner="SeleniumLibrary">
<arg>${username_input_id_test}</arg>
<arg>timeout=10s</arg>
<doc>Waits until the element ``locator`` is visible.</doc>
<status status="PASS" start="2025-03-14T21:11:50.024888" elapsed="0.023595"/>
</kw>
<kw name="Input Text" owner="SeleniumLibrary">
<msg time="2025-03-14T21:11:50.049484" level="INFO">Typing text 'incorrectusername' into text field 'id=login-username'.</msg>
<arg>${username_input_id_test}</arg>
<arg>${invalid_username}</arg>
<doc>Types the given ``text`` into the text field identified by ``locator``.</doc>
<status status="PASS" start="2025-03-14T21:11:50.048771" elapsed="0.116740"/>
</kw>
<status status="PASS" start="2025-03-14T21:11:50.021895" elapsed="0.143901"/>
</kw>
<kw name="AND invalid password" owner="kim_keywords">
<kw name="Wait Until Element Is Visible" owner="SeleniumLibrary">
<arg>${password_input_id_test}</arg>
<arg>timeout=10s</arg>
<doc>Waits until the element ``locator`` is visible.</doc>
<status status="PASS" start="2025-03-14T21:11:50.171684" elapsed="0.019390"/>
</kw>
<kw name="Input Text" owner="SeleniumLibrary">
<msg time="2025-03-14T21:11:50.191708" level="INFO">Typing text 'invalidpassword' into text field 'id=login-password'.</msg>
<arg>${password_input_id_test}</arg>
<arg>${invalid_password}</arg>
<doc>Types the given ``text`` into the text field identified by ``locator``.</doc>
<status status="PASS" start="2025-03-14T21:11:50.191337" elapsed="0.071812"/>
</kw>
<status status="PASS" start="2025-03-14T21:11:50.168804" elapsed="0.094830"/>
</kw>
<kw name="THEN press the submit button" owner="kim_keywords">
<kw name="Wait Until Element Is Visible" owner="SeleniumLibrary">
<arg>${submit_button_test}</arg>
<arg>timeout=4s</arg>
<doc>Waits until the element ``locator`` is visible.</doc>
<status status="PASS" start="2025-03-14T21:11:50.270786" elapsed="0.017562"/>
</kw>
<kw name="Click Element" owner="SeleniumLibrary">
<msg time="2025-03-14T21:11:50.288981" level="INFO">Clicking element 'xpath=//*[@id='login-form']/button'.</msg>
<arg>${submit_button_test}</arg>
<doc>Click the element identified by ``locator``.</doc>
<status status="PASS" start="2025-03-14T21:11:50.288621" elapsed="0.056425"/>
</kw>
<status status="PASS" start="2025-03-14T21:11:50.267882" elapsed="0.077359"/>
</kw>
<kw name="THEN Message Should Be Visible" owner="kim_keywords">
<kw name="Wait Until Element Contains" owner="SeleniumLibrary">
<arg>${error_message_element_test}</arg>
<arg>${error_message_test}</arg>
<arg>${standard_timeout}</arg>
<doc>Waits until the element ``locator`` contains ``text``.</doc>
<status status="PASS" start="2025-03-14T21:11:50.354864" elapsed="2.032189"/>
</kw>
<kw name="Element Text Should Be" owner="SeleniumLibrary">
<msg time="2025-03-14T21:11:52.387822" level="INFO">Verifying element 'xpath=//*[@id='login-message']' contains exact text 'Invalid username or password.'.</msg>
<arg>${error_message_element_test}</arg>
<arg>${error_message_test}</arg>
<doc>Verifies that element ``locator`` contains exact the text ``expected``.</doc>
<status status="PASS" start="2025-03-14T21:11:52.387398" elapsed="0.014695"/>
</kw>
<status status="PASS" start="2025-03-14T21:11:50.351127" elapsed="2.051160"/>
</kw>
<kw name="Close Browser" owner="SeleniumLibrary" type="TEARDOWN">
<doc>Closes the current browser.</doc>
<status status="PASS" start="2025-03-14T21:11:52.405268" elapsed="2.160800"/>
</kw>
<doc>Scenario: Invalid login, we should receive an error message when we are trying to log in with invalid credentials.</doc>
<status status="PASS" start="2025-03-14T21:11:46.460111" elapsed="8.106837"/>
</test>
<doc>Testing the register page, user should be able to register with username and password</doc>
<status status="PASS" start="2025-03-14T21:11:46.069263" elapsed="8.500800"/>
</suite>
<status status="PASS" start="2025-03-14T21:11:46.066055" elapsed="8.519010"/>
</suite>
<status status="PASS" start="2025-03-14T21:11:46.017362" elapsed="8.570128"/>
</suite>
<statistics>
<total>
<stat pass="1" fail="0" skip="0">All Tests</stat>
</total>
<tag>
</tag>
<suite>
<stat name="DinoPark" id="s1" pass="1" fail="0" skip="0">DinoPark</stat>
<stat name="Tests" id="s1-s1" pass="1" fail="0" skip="0">DinoPark.Tests</stat>
<stat name="Kim" id="s1-s1-s1" pass="1" fail="0" skip="0">DinoPark.Tests.Kim</stat>
</suite>
</statistics>
<errors>
</errors>
</robot>
