<?xml version="1.0" encoding="UTF-8"?>
<robot generator="Robot 7.2 (Python 3.13.1 on win32)" generated="2025-03-12T15:04:56.485973" rpa="false" schemaversion="5">
<suite id="s1" name="DinoPark" source="C:\Users\nesli\Documents\GitHub\ContinuousTesting\DinoPark">
<suite id="s1-s1" name="Tests" source="C:\Users\nesli\Documents\GitHub\ContinuousTesting\DinoPark\tests">
<suite id="s1-s1-s1" name="Login Page" source="C:\Users\nesli\Documents\GitHub\ContinuousTesting\DinoPark\tests\login_page.robot">
<test id="s1-s1-s1-t1" name="Invalid Login" line="12">
<kw name="Open Browser To Page" owner="keywords" type="SETUP">
<kw name="Open Browser" owner="SeleniumLibrary">
<msg time="2025-03-12T15:04:57.254703" level="INFO">Opening browser 'headlesschrome' to base url 'file:///C:/Users/nesli/Documents/GitHub/ContinuousTesting/DinoPark/webpages/jurap.html'.</msg>
<arg>${url}</arg>
<arg>${browser}</arg>
<doc>Opens a new browser instance to the optional ``url``.</doc>
<status status="PASS" start="2025-03-12T15:04:57.253743" elapsed="2.511808"/>
</kw>
<kw name="Title Should Be" owner="SeleniumLibrary">
<msg time="2025-03-12T15:04:59.784676" level="INFO">Page title is 'Jura-Stina-Kalle Park'.</msg>
<arg>${title}</arg>
<doc>Verifies that the current page title equals ``title``.</doc>
<status status="PASS" start="2025-03-12T15:04:59.766350" elapsed="0.019773"/>
</kw>
<arg>${url_test}</arg>
<arg>${browser_test}</arg>
<arg>${title_test}</arg>
<status status="PASS" start="2025-03-12T15:04:57.252222" elapsed="2.536654"/>
</kw>
<kw name="GIVEN that I'm on the login page" owner="keywords">
<kw name="Click Element" owner="SeleniumLibrary">
<msg time="2025-03-12T15:04:59.804620" level="INFO">Clicking element 'xpath=//*[@id='login-nav']/a'.</msg>
<arg>${login_button_test}</arg>
<doc>Click the element identified by ``locator``.</doc>
<status status="PASS" start="2025-03-12T15:04:59.802671" elapsed="0.171583"/>
</kw>
<status status="PASS" start="2025-03-12T15:04:59.796671" elapsed="0.178294"/>
</kw>
<kw name="WHEN I enter invalid username" owner="keywords">
<kw name="Wait Until Element Is Visible" owner="SeleniumLibrary">
<arg>${username_input_id_test}</arg>
<arg>timeout=10s</arg>
<doc>Waits until the element ``locator`` is visible.</doc>
<status status="PASS" start="2025-03-12T15:04:59.982845" elapsed="0.094565"/>
</kw>
<kw name="Input Text" owner="SeleniumLibrary">
<msg time="2025-03-12T15:05:00.080584" level="INFO">Typing text 'incorrectusername' into text field 'id=login-username'.</msg>
<arg>${username_input_id_test}</arg>
<arg>${invalid_username}</arg>
<doc>Types the given ``text`` into the text field identified by ``locator``.</doc>
<status status="PASS" start="2025-03-12T15:05:00.078388" elapsed="0.250031"/>
</kw>
<status status="PASS" start="2025-03-12T15:04:59.979928" elapsed="0.349737"/>
</kw>
<kw name="AND invalid password" owner="keywords">
<kw name="Wait Until Element Is Visible" owner="SeleniumLibrary">
<arg>${password_input_id_test}</arg>
<arg>timeout=10s</arg>
<doc>Waits until the element ``locator`` is visible.</doc>
<status status="PASS" start="2025-03-12T15:05:00.341913" elapsed="0.049214"/>
</kw>
<kw name="Input Text" owner="SeleniumLibrary">
<msg time="2025-03-12T15:05:00.393247" level="INFO">Typing text 'invalidpassword' into text field 'id=login-password'.</msg>
<arg>${password_input_id_test}</arg>
<arg>${invalid_password}</arg>
<doc>Types the given ``text`` into the text field identified by ``locator``.</doc>
<status status="PASS" start="2025-03-12T15:05:00.392055" elapsed="0.176259"/>
</kw>
<status status="PASS" start="2025-03-12T15:05:00.333764" elapsed="0.235368"/>
</kw>
<kw name="THEN press the submit button" owner="keywords">
<kw name="Wait Until Element Is Visible" owner="SeleniumLibrary">
<arg>${submit_button_test}</arg>
<arg>timeout=4s</arg>
<doc>Waits until the element ``locator`` is visible.</doc>
<status status="PASS" start="2025-03-12T15:05:00.578337" elapsed="0.031566"/>
</kw>
<kw name="Click Element" owner="SeleniumLibrary">
<msg time="2025-03-12T15:05:00.611759" level="INFO">Clicking element 'xpath=//*[@id='login-form']/button'.</msg>
<arg>${submit_button_test}</arg>
<doc>Click the element identified by ``locator``.</doc>
<status status="PASS" start="2025-03-12T15:05:00.610572" elapsed="0.102680"/>
</kw>
<status status="PASS" start="2025-03-12T15:05:00.573655" elapsed="0.139870"/>
</kw>
<kw name="THEN Message Should Be Visible" owner="keywords">
<kw name="Wait Until Element Contains" owner="SeleniumLibrary">
<arg>${error_message_element_test}</arg>
<arg>${error_message_test}</arg>
<arg>${standard_timeout}</arg>
<doc>Waits until the element ``locator`` contains ``text``.</doc>
<status status="PASS" start="2025-03-12T15:05:00.723894" elapsed="2.010766"/>
</kw>
<kw name="Element Text Should Be" owner="SeleniumLibrary">
<msg time="2025-03-12T15:05:02.738680" level="INFO">Verifying element 'xpath=//*[@id='login-message']' contains exact text 'Invalid username or password.'.</msg>
<arg>${error_message_element_test}</arg>
<arg>${error_message_test}</arg>
<doc>Verifies that element ``locator`` contains exact the text ``expected``.</doc>
<status status="PASS" start="2025-03-12T15:05:02.735402" elapsed="0.035740"/>
</kw>
<status status="PASS" start="2025-03-12T15:05:00.717848" elapsed="2.055752"/>
</kw>
<kw name="Close Browser" owner="SeleniumLibrary" type="TEARDOWN">
<doc>Closes the current browser.</doc>
<status status="PASS" start="2025-03-12T15:05:02.781533" elapsed="2.217764"/>
</kw>
<doc>Scenario: Invalid login, we should receive an error message when we are trying to log in with invalid credentials.</doc>
<tag>new-feature</tag>
<status status="PASS" start="2025-03-12T15:04:57.250386" elapsed="7.749410"/>
</test>
<test id="s1-s1-s1-t2" name="Valid Login" line="25">
<kw name="Open Browser To Page" owner="keywords" type="SETUP">
<kw name="Open Browser" owner="SeleniumLibrary">
<msg time="2025-03-12T15:05:05.004347" level="INFO">Opening browser 'headlesschrome' to base url 'file:///C:/Users/nesli/Documents/GitHub/ContinuousTesting/DinoPark/webpages/jurap.html'.</msg>
<arg>${url}</arg>
<arg>${browser}</arg>
<doc>Opens a new browser instance to the optional ``url``.</doc>
<status status="PASS" start="2025-03-12T15:05:05.003797" elapsed="2.188557"/>
</kw>
<kw name="Title Should Be" owner="SeleniumLibrary">
<msg time="2025-03-12T15:05:07.213387" level="INFO">Page title is 'Jura-Stina-Kalle Park'.</msg>
<arg>${title}</arg>
<doc>Verifies that the current page title equals ``title``.</doc>
<status status="PASS" start="2025-03-12T15:05:07.192878" elapsed="0.021671"/>
</kw>
<arg>${url_test}</arg>
<arg>${browser_test}</arg>
<arg>${title_test}</arg>
<status status="PASS" start="2025-03-12T15:05:05.002909" elapsed="2.212094"/>
</kw>
<kw name="GIVEN that I'm on the login page" owner="keywords">
<kw name="Click Element" owner="SeleniumLibrary">
<msg time="2025-03-12T15:05:07.234500" level="INFO">Clicking element 'xpath=//*[@id='login-nav']/a'.</msg>
<arg>${login_button_test}</arg>
<doc>Click the element identified by ``locator``.</doc>
<status status="PASS" start="2025-03-12T15:05:07.233634" elapsed="0.197899"/>
</kw>
<status status="PASS" start="2025-03-12T15:05:07.225519" elapsed="0.206219"/>
</kw>
<kw name="WHEN I enter valid username" owner="keywords">
<kw name="Wait Until Element Is Visible" owner="SeleniumLibrary">
<arg>${username_input_id_test}</arg>
<arg>timeout=10s</arg>
<doc>Waits until the element ``locator`` is visible.</doc>
<status status="PASS" start="2025-03-12T15:05:07.442836" elapsed="0.039966"/>
</kw>
<kw name="Input Text" owner="SeleniumLibrary">
<msg time="2025-03-12T15:05:07.483809" level="INFO">Typing text 'NK' into text field 'id=login-username'.</msg>
<arg>${username_input_id_test}</arg>
<arg>${valid_username}</arg>
<doc>Types the given ``text`` into the text field identified by ``locator``.</doc>
<status status="PASS" start="2025-03-12T15:05:07.483178" elapsed="0.197141"/>
</kw>
<status status="PASS" start="2025-03-12T15:05:07.434547" elapsed="0.245958"/>
</kw>
<kw name="AND valid password" owner="keywords">
<kw name="Wait Until Element Is Visible" owner="SeleniumLibrary">
<arg>${password_input_id_test}</arg>
<arg>timeout=10s</arg>
<doc>Waits until the element ``locator`` is visible.</doc>
<status status="PASS" start="2025-03-12T15:05:07.684874" elapsed="0.042724"/>
</kw>
<kw name="Input Text" owner="SeleniumLibrary">
<msg time="2025-03-12T15:05:07.729589" level="INFO">Typing text 'Password' into text field 'id=login-password'.</msg>
<arg>${password_input_id_test}</arg>
<arg>${valid_password}</arg>
<doc>Types the given ``text`` into the text field identified by ``locator``.</doc>
<status status="PASS" start="2025-03-12T15:05:07.728022" elapsed="0.135166"/>
</kw>
<status status="PASS" start="2025-03-12T15:05:07.682809" elapsed="0.180559"/>
</kw>
<kw name="THEN press the submit button" owner="keywords">
<kw name="Wait Until Element Is Visible" owner="SeleniumLibrary">
<arg>${submit_button_test}</arg>
<arg>timeout=4s</arg>
<doc>Waits until the element ``locator`` is visible.</doc>
<status status="PASS" start="2025-03-12T15:05:07.867619" elapsed="0.029252"/>
</kw>
<kw name="Click Element" owner="SeleniumLibrary">
<msg time="2025-03-12T15:05:07.897651" level="INFO">Clicking element 'xpath=//*[@id='login-form']/button'.</msg>
<arg>${submit_button_test}</arg>
<doc>Click the element identified by ``locator``.</doc>
<status status="PASS" start="2025-03-12T15:05:07.897209" elapsed="0.117619"/>
</kw>
<status status="PASS" start="2025-03-12T15:05:07.865278" elapsed="0.150578"/>
</kw>
<kw name="THEN successful message should be visible" owner="keywords">
<kw name="Wait Until Element Contains" owner="SeleniumLibrary">
<arg>${verify_message_element_test}</arg>
<arg>${verify_message_test}</arg>
<arg>${standard_timeout}</arg>
<doc>Waits until the element ``locator`` contains ``text``.</doc>
<status status="PASS" start="2025-03-12T15:05:08.027729" elapsed="0.073451"/>
</kw>
<kw name="Element Text Should Be" owner="SeleniumLibrary">
<msg time="2025-03-12T15:05:08.103653" level="INFO">Verifying element 'xpath=//*[@id='login-message']' contains exact text 'Verifying credentials...'.</msg>
<arg>${verify_message_element_test}</arg>
<arg>${verify_message_test}</arg>
<doc>Verifies that element ``locator`` contains exact the text ``expected``.</doc>
<status status="PASS" start="2025-03-12T15:05:08.102120" elapsed="0.041117"/>
</kw>
<status status="PASS" start="2025-03-12T15:05:08.023768" elapsed="0.119643"/>
</kw>
<kw name="Close Browser" owner="SeleniumLibrary" type="TEARDOWN">
<doc>Closes the current browser.</doc>
<status status="PASS" start="2025-03-12T15:05:08.145216" elapsed="2.175472"/>
</kw>
<doc>Scenario: Valid login, I should be logged in succesfully and be redirected to the home page when I enter my valid credentials.</doc>
<status status="PASS" start="2025-03-12T15:05:05.001524" elapsed="5.319842"/>
</test>
<doc>Grupp 9(Nesli,Tuba, Quratulain)</doc>
<status status="PASS" start="2025-03-12T15:04:56.539178" elapsed="13.784490"/>
</suite>
<status status="PASS" start="2025-03-12T15:04:56.536093" elapsed="13.790317"/>
</suite>
<status status="PASS" start="2025-03-12T15:04:56.495142" elapsed="13.833054"/>
</suite>
<statistics>
<total>
<stat pass="2" fail="0" skip="0">All Tests</stat>
</total>
<tag>
<stat pass="1" fail="0" skip="0">new-feature</stat>
</tag>
<suite>
<stat name="DinoPark" id="s1" pass="2" fail="0" skip="0">DinoPark</stat>
<stat name="Tests" id="s1-s1" pass="2" fail="0" skip="0">DinoPark.Tests</stat>
<stat name="Login Page" id="s1-s1-s1" pass="2" fail="0" skip="0">DinoPark.Tests.Login Page</stat>
</suite>
</statistics>
<errors>
</errors>
</robot>
