<?xml version="1.0" encoding="UTF-8"?>
<robot generator="Robot 7.2 (Python 3.13.1 on win32)" generated="2025-03-14T21:57:59.563711" rpa="false" schemaversion="5">
<suite id="s1" name="DinoPark" source="C:\Users\nesli\Documents\GitHub\ContinuousTesting\DinoPark">
<suite id="s1-s1" name="Tests" source="C:\Users\nesli\Documents\GitHub\ContinuousTesting\DinoPark\tests">
<suite id="s1-s1-s1" name="Kim" source="C:\Users\nesli\Documents\GitHub\ContinuousTesting\DinoPark\tests\kim.robot">
<test id="s1-s1-s1-t1" name="Kim registers successfully" line="41">
<kw name="Open Browser To Page" owner="shared_keywords" type="SETUP">
<kw name="Open Browser" owner="SeleniumLibrary">
<msg time="2025-03-14T21:58:00.067680" level="INFO">Opening browser 'headlesschrome' to base url 'file:///C:/Users/nesli/Documents/GitHub/ContinuousTesting/DinoPark/webpages/jurap.html'.</msg>
<arg>${url}</arg>
<arg>${browser}</arg>
<doc>Opens a new browser instance to the optional ``url``.</doc>
<status status="PASS" start="2025-03-14T21:58:00.066967" elapsed="2.155427"/>
</kw>
<kw name="Title Should Be" owner="SeleniumLibrary">
<msg time="2025-03-14T21:58:02.269612" level="INFO">Page title is 'Jura-Stina-Kalle Park'.</msg>
<arg>${title}</arg>
<doc>Verifies that the current page title equals ``title``.</doc>
<status status="PASS" start="2025-03-14T21:58:02.222921" elapsed="0.047239"/>
</kw>
<arg>${url_test}</arg>
<arg>${browser_test}</arg>
<arg>${title_test}</arg>
<status status="PASS" start="2025-03-14T21:58:00.064938" elapsed="2.205549"/>
</kw>
<kw name="Given Kim press on the Register button" owner="kim_keywords">
<kw name="Click Element" owner="SeleniumLibrary">
<msg time="2025-03-14T21:58:02.273596" level="INFO">Clicking element 'xpath=//*[@id='register-nav']'.</msg>
<arg>${register_button}</arg>
<doc>Click the element identified by ``locator``.</doc>
<status status="PASS" start="2025-03-14T21:58:02.272271" elapsed="0.146530"/>
</kw>
<status status="PASS" start="2025-03-14T21:58:02.271201" elapsed="0.147852"/>
</kw>
<kw name="When Kim fill in the username and password" owner="kim_keywords">
<kw name="Input Text" owner="SeleniumLibrary">
<msg time="2025-03-14T21:58:02.420414" level="INFO">Typing text 'Kim' into text field 'xpath=//*[@id='reg-username']'.</msg>
<arg>${username_input_registration}</arg>
<arg>${valid_username_ticket}</arg>
<doc>Types the given ``text`` into the text field identified by ``locator``.</doc>
<status status="PASS" start="2025-03-14T21:58:02.420067" elapsed="0.187333"/>
</kw>
<kw name="Input Text" owner="SeleniumLibrary">
<msg time="2025-03-14T21:58:02.608337" level="INFO">Typing text '123456789' into text field 'xpath=//*[@id='reg-username']'.</msg>
<arg>${username_input_registration}</arg>
<arg>${valid_password_ticket}</arg>
<doc>Types the given ``text`` into the text field identified by ``locator``.</doc>
<status status="PASS" start="2025-03-14T21:58:02.607766" elapsed="0.132991"/>
</kw>
<kw name="Click Element" owner="SeleniumLibrary">
<msg time="2025-03-14T21:58:02.741597" level="INFO">Clicking element 'xpath=//*[@id='register-nav']'.</msg>
<arg>${register_button}</arg>
<doc>Click the element identified by ``locator``.</doc>
<status status="PASS" start="2025-03-14T21:58:02.741017" elapsed="0.105041"/>
</kw>
<status status="PASS" start="2025-03-14T21:58:02.419577" elapsed="0.427054"/>
</kw>
<kw name="Then press the submit button" owner="kim_keywords">
<kw name="Wait Until Element Is Visible" owner="SeleniumLibrary">
<arg>${register_submit_button}</arg>
<arg>timeout=4s</arg>
<doc>Waits until the element ``locator`` is visible.</doc>
<status status="PASS" start="2025-03-14T21:58:02.855652" elapsed="0.032172"/>
</kw>
<kw name="Click Element" owner="SeleniumLibrary">
<msg time="2025-03-14T21:58:02.888914" level="INFO">Clicking element 'xpath=//*[@id='register-form']/button'.</msg>
<arg>${register_submit_button}</arg>
<doc>Click the element identified by ``locator``.</doc>
<status status="PASS" start="2025-03-14T21:58:02.888242" elapsed="0.165735"/>
</kw>
<status status="PASS" start="2025-03-14T21:58:02.849051" elapsed="0.205152"/>
</kw>
<kw name="Close Browser" owner="SeleniumLibrary" type="TEARDOWN">
<doc>Closes the current browser.</doc>
<status status="PASS" start="2025-03-14T21:58:03.059075" elapsed="2.266955"/>
</kw>
<status status="PASS" start="2025-03-14T21:58:00.062442" elapsed="5.264102"/>
</test>
<doc>Testing the register page, user should be able to register with username and password</doc>
<status status="PASS" start="2025-03-14T21:57:59.607760" elapsed="5.720876"/>
</suite>
<status status="PASS" start="2025-03-14T21:57:59.604427" elapsed="5.727239"/>
</suite>
<status status="PASS" start="2025-03-14T21:57:59.570986" elapsed="5.762962"/>
</suite>
<statistics>
<total>
<stat pass="1" fail="0" skip="0">All Tests</stat>
</total>
<tag>
</tag>
<suite>
<stat name="DinoPark" id="s1" pass="1" fail="0" skip="0">DinoPark</stat>
<stat name="Tests" id="s1-s1" pass="1" fail="0" skip="0">DinoPark.Tests</stat>
<stat name="Kim" id="s1-s1-s1" pass="1" fail="0" skip="0">DinoPark.Tests.Kim</stat>
</suite>
</statistics>
<errors>
</errors>
</robot>
