<?xml version="1.0" encoding="UTF-8"?>
<robot generator="Robot 7.2 (Python 3.13.1 on win32)" generated="2025-03-12T16:07:16.552050" rpa="false" schemaversion="5">
<suite id="s1" name="DinoPark" source="C:\Users\QuratulainQureshi\Documents\GitHub\DinoPark">
<suite id="s1-s1" name="Tests" source="C:\Users\QuratulainQureshi\Documents\GitHub\DinoPark\tests">
<suite id="s1-s1-s1" name="Remove ticket" source="C:\Users\QuratulainQureshi\Documents\GitHub\DinoPark\tests\Remove_ticket.robot">
<test id="s1-s1-s1-t1" name="Scenario: The user should be able to cancel or remove the ticket from the cart after booking it." line="18">
<kw name="Open Browser To Ticket Page" owner="keywords_Quratulain" type="SETUP">
<kw name="Open Browser" owner="SeleniumLibrary">
<msg time="2025-03-12T16:07:17.150491" level="INFO">Opening browser 'headlesschrome' to base url 'file:///C:/Users/QuratulainQureshi/Documents/GitHub/DinoPark/webpages/jurap.html'.</msg>
<msg time="2025-03-12T16:07:17.703764" level="WARN">The chromedriver version (132.0.6834.110) detected in PATH at C:\Users\WebDriver\chromedriver-win64\chromedriver.exe might not be compatible with the detected chrome version (133.0.6943.142); currently, chromedriver 133.0.6943.141 is recommended for chrome 133.*, so it is advised to delete the driver in PATH and retry</msg>
<arg>${url}</arg>
<arg>${browser}</arg>
<doc>Opens a new browser instance to the optional ``url``.</doc>
<status status="PASS" start="2025-03-12T16:07:17.149821" elapsed="2.476430"/>
</kw>
<kw name="Maximize Browser Window" owner="SeleniumLibrary">
<doc>Maximizes current browser window.</doc>
<status status="PASS" start="2025-03-12T16:07:19.627008" elapsed="0.069784"/>
</kw>
<kw name="Wait Until Page Contains" owner="SeleniumLibrary">
<arg>${title}</arg>
<arg>${standard_timeout}</arg>
<doc>Waits until ``text`` appears on the current page.</doc>
<status status="PASS" start="2025-03-12T16:07:19.697406" elapsed="0.032418"/>
</kw>
<arg>${url_test}</arg>
<arg>${browser_test}</arg>
<arg>${title_test}</arg>
<status status="PASS" start="2025-03-12T16:07:17.147804" elapsed="2.582310"/>
</kw>
<kw name="Given Kim is registered as user" owner="keywords_Quratulain">
<kw name="Click Element" owner="SeleniumLibrary">
<msg time="2025-03-12T16:07:19.733238" level="INFO">Clicking element 'xpath=//*[@id='register-nav']'.</msg>
<arg>${register_button}</arg>
<doc>Click the element identified by ``locator``.</doc>
<status status="PASS" start="2025-03-12T16:07:19.732069" elapsed="0.166566"/>
</kw>
<kw name="Input Text" owner="SeleniumLibrary">
<msg time="2025-03-12T16:07:19.900141" level="INFO">Typing text 'Kim' into text field 'xpath=//*[@id='reg-username']'.</msg>
<msg time="2025-03-12T16:07:20.804431" level="INFO" html="true">&lt;/td&gt;&lt;/tr&gt;&lt;tr&gt;&lt;td colspan="3"&gt;&lt;a href="selenium-screenshot-197.png"&gt;&lt;img src="selenium-screenshot-197.png" width="800px"&gt;&lt;/a&gt;</msg>
<msg time="2025-03-12T16:07:20.805020" level="FAIL">ElementNotInteractableException: Message: element not interactable
  (Session info: chrome=133.0.6943.142)
Stacktrace:
	GetHandleVerifier [0x00007FF7A535CC05+28741]
	(No symbol) [0x00007FF7A52BFED0]
	(No symbol) [0x00007FF7A5154DE9]
	(No symbol) [0x00007FF7A519E965]
	(No symbol) [0x00007FF7A51CFE2A]
	(No symbol) [0x00007FF7A519BDE6]
	(No symbol) [0x00007FF7A51D0040]
	(No symbol) [0x00007FF7A51EFFE1]
	(No symbol) [0x00007FF7A51CFBD3]
	(No symbol) [0x00007FF7A5199F43]
	(No symbol) [0x00007FF7A519B2D1]
	GetHandleVerifier [0x00007FF7A568DE3D+3375741]
	GetHandleVerifier [0x00007FF7A56A096A+3452330]
	GetHandleVerifier [0x00007FF7A569671D+3410781]
	GetHandleVerifier [0x00007FF7A542653B+854395]
	(No symbol) [0x00007FF7A52CBE0F]
	(No symbol) [0x00007FF7A52C7714]
	(No symbol) [0x00007FF7A52C78AD]
	(No symbol) [0x00007FF7A52B6189]
	BaseThreadInitThunk [0x00007FFAD7DBE8D7+23]
	RtlUserThreadStart [0x00007FFAD865BF2C+44]
</msg>
<arg>${username_input_registration}</arg>
<arg>${valid_username_ticket}</arg>
<doc>Types the given ``text`` into the text field identified by ``locator``.</doc>
<status status="FAIL" start="2025-03-12T16:07:19.899176" elapsed="1.008044">ElementNotInteractableException: Message: element not interactable
  (Session info: chrome=133.0.6943.142)
Stacktrace:
	GetHandleVerifier [0x00007FF7A535CC05+28741]
	(No symbol) [0x00007FF7A52BFED0]
	(No symbol) [0x00007FF7A5154DE9]
	(No symbol) [0x00007FF7A519E965]
	(No symbol) [0x00007FF7A51CFE2A]
	(No symbol) [0x00007FF7A519BDE6]
	(No symbol) [0x00007FF7A51D0040]
	(No symbol) [0x00007FF7A51EFFE1]
	(No symbol) [0x00007FF7A51CFBD3]
	(No symbol) [0x00007FF7A5199F43]
	(No symbol) [0x00007FF7A519B2D1]
	GetHandleVerifier [0x00007FF7A568DE3D+3375741]
	GetHandleVerifier [0x00007FF7A56A096A+3452330]
	GetHandleVerifier [0x00007FF7A569671D+3410781]
	GetHandleVerifier [0x00007FF7A542653B+854395]
	(No symbol) [0x00007FF7A52CBE0F]
	(No symbol) [0x00007FF7A52C7714]
	(No symbol) [0x00007FF7A52C78AD]
	(No symbol) [0x00007FF7A52B6189]
	BaseThreadInitThunk [0x00007FFAD7DBE8D7+23]
	RtlUserThreadStart [0x00007FFAD865BF2C+44]
</status>
</kw>
<kw name="Input Text" owner="SeleniumLibrary">
<arg>${password_input_registration}</arg>
<arg>${valid_password_ticket}</arg>
<doc>Types the given ``text`` into the text field identified by ``locator``.</doc>
<status status="NOT RUN" start="2025-03-12T16:07:20.907607" elapsed="0.000263"/>
</kw>
<kw name="Click Element" owner="SeleniumLibrary">
<arg>${register_submit_button}</arg>
<doc>Click the element identified by ``locator``.</doc>
<status status="NOT RUN" start="2025-03-12T16:07:20.908104" elapsed="0.000208"/>
</kw>
<status status="FAIL" start="2025-03-12T16:07:19.731005" elapsed="1.177577">ElementNotInteractableException: Message: element not interactable
  (Session info: chrome=133.0.6943.142)
Stacktrace:
	GetHandleVerifier [0x00007FF7A535CC05+28741]
	(No symbol) [0x00007FF7A52BFED0]
	(No symbol) [0x00007FF7A5154DE9]
	(No symbol) [0x00007FF7A519E965]
	(No symbol) [0x00007FF7A51CFE2A]
	(No symbol) [0x00007FF7A519BDE6]
	(No symbol) [0x00007FF7A51D0040]
	(No symbol) [0x00007FF7A51EFFE1]
	(No symbol) [0x00007FF7A51CFBD3]
	(No symbol) [0x00007FF7A5199F43]
	(No symbol) [0x00007FF7A519B2D1]
	GetHandleVerifier [0x00007FF7A568DE3D+3375741]
	GetHandleVerifier [0x00007FF7A56A096A+3452330]
	GetHandleVerifier [0x00007FF7A569671D+3410781]
	GetHandleVerifier [0x00007FF7A542653B+854395]
	(No symbol) [0x00007FF7A52CBE0F]
	(No symbol) [0x00007FF7A52C7714]
	(No symbol) [0x00007FF7A52C78AD]
	(No symbol) [0x00007FF7A52B6189]
	BaseThreadInitThunk [0x00007FFAD7DBE8D7+23]
	RtlUserThreadStart [0x00007FFAD865BF2C+44]
</status>
</kw>
<kw name="When Kim is logged in" owner="keywords_Quratulain">
<status status="NOT RUN" start="2025-03-12T16:07:20.909351" elapsed="0.000324"/>
</kw>
<kw name="Then Kim is on the ticket purchase page" owner="keywords_Quratulain">
<status status="NOT RUN" start="2025-03-12T16:07:20.910215" elapsed="0.000279"/>
</kw>
<kw name="And Kim selects VIP tickets for adults" owner="keywords_Quratulain">
<status status="NOT RUN" start="2025-03-12T16:07:20.911044" elapsed="0.000275"/>
</kw>
<kw name="Then Kim receives a confirmation message" owner="keywords_Quratulain">
<status status="NOT RUN" start="2025-03-12T16:07:20.911791" elapsed="0.000337"/>
</kw>
<kw name="And kim selects more tickets by mistake" owner="keywords_Quratulain">
<status status="NOT RUN" start="2025-03-12T16:07:20.912683" elapsed="0.000277"/>
</kw>
<kw name="Then Kim receives a confirmation message" owner="keywords_Quratulain">
<status status="NOT RUN" start="2025-03-12T16:07:20.913552" elapsed="0.000293"/>
</kw>
<kw name="Then entre items into the cart" owner="keywords_Quratulain">
<status status="NOT RUN" start="2025-03-12T16:07:20.914400" elapsed="0.000281"/>
</kw>
<kw name="And Kim wants to removes mistakenly selected tickets from the cart" owner="keywords_Quratulain">
<status status="NOT RUN" start="2025-03-12T16:07:20.915685" elapsed="0.000483"/>
</kw>
<kw name="Close Browser" owner="SeleniumLibrary" type="TEARDOWN">
<doc>Closes the current browser.</doc>
<status status="PASS" start="2025-03-12T16:07:20.916988" elapsed="2.370950"/>
</kw>
<tag>Quratulain</tag>
<status status="FAIL" start="2025-03-12T16:07:17.145774" elapsed="6.144171">ElementNotInteractableException: Message: element not interactable
  (Session info: chrome=133.0.6943.142)
Stacktrace:
	GetHandleVerifier [0x00007FF7A535CC05+28741]
	(No symbol) [0x00007FF7A52BFED0]
	(No symbol) [0x00007FF7A5154DE9]
	(No symbol) [0x00007FF7A519E965]
	(No symbol) [0x00007FF7A51CFE2A]
	(No symbol) [0x00007FF7A519BDE6]
	(No symbol) [0x00007FF7A51D0040]
	(No symbol) [0x00007FF7A51EFFE1]
	(No symbol) [0x00007FF7A51CFBD3]
	(No symbol) [0x00007FF7A5199F43]
	(No symbol) [0x00007FF7A519B2D1]
	GetHandleVerifier [0x00007FF7A568DE3D+3375741]
	GetHandleVerifier [0x00007FF7A56A096A+3452330]
	GetHandleVerifier [0x00007FF7A569671D+3410781]
	GetHandleVerifier [0x00007FF7A542653B+854395]
	(No symbol) [0x00007FF7A52CBE0F]
	(No symbol) [0x00007FF7A52C7714]
	(No symbol) [0x00007FF7A52C78AD]
	(No symbol) [0x00007FF7A52B6189]
	BaseThreadInitThunk [0x00007FFAD7DBE8D7+23]
	RtlUserThreadStart [0x00007FFAD865BF2C+44]
</status>
</test>
<doc>Testing Jurasstina-Kalle Park page</doc>
<status status="FAIL" start="2025-03-12T16:07:16.599053" elapsed="6.699110"/>
</suite>
<status status="FAIL" start="2025-03-12T16:07:16.595444" elapsed="6.712723"/>
</suite>
<status status="FAIL" start="2025-03-12T16:07:16.560569" elapsed="6.755266"/>
</suite>
<statistics>
<total>
<stat pass="0" fail="1" skip="0">All Tests</stat>
</total>
<tag>
<stat pass="0" fail="1" skip="0">Quratulain</stat>
</tag>
<suite>
<stat name="DinoPark" id="s1" pass="0" fail="1" skip="0">DinoPark</stat>
<stat name="Tests" id="s1-s1" pass="0" fail="1" skip="0">DinoPark.Tests</stat>
<stat name="Remove ticket" id="s1-s1-s1" pass="0" fail="1" skip="0">DinoPark.Tests.Remove ticket</stat>
</suite>
</statistics>
<errors>
<msg time="2025-03-12T16:07:17.703764" level="WARN">The chromedriver version (132.0.6834.110) detected in PATH at C:\Users\WebDriver\chromedriver-win64\chromedriver.exe might not be compatible with the detected chrome version (133.0.6943.142); currently, chromedriver 133.0.6943.141 is recommended for chrome 133.*, so it is advised to delete the driver in PATH and retry</msg>
</errors>
</robot>
